INFO:root:Rasa process starting
INFO:rasa_core.policies.sklearn_policy:Loaded sklearn model
INFO:rasa_nlu.components:Added 'nlp_spacy' to component cache. Key 'nlp_spacy-en'.
INFO:root:Finished loading agent, starting input channel & server.
DEBUG:rasa_core.tracker_store:Creating a new tracker for id 'default'.
DEBUG:rasa_core.processor:Received user message 'hello' with intent '{'name': 'greet', 'confidence': 0.5597541377963521}' and entities '[]'
DEBUG:rasa_core.processor:Logged UserUtterance - tracker now has 2 events
DEBUG:rasa_core.processor:Current slot values: 
	limit: None
	tags: None
DEBUG:rasa_core.policies.ensemble:Predicted next action #2 with prob 0.59.
DEBUG:rasa_core.processor:Bot utterance 'BotUttered(text: I'm DataBot. Nice to make your acquaintance., data: null)'
DEBUG:rasa_core.processor:Action 'action_greet' ended with events '[]'
DEBUG:rasa_core.policies.ensemble:Predicted next action #4 with prob 0.49.
DEBUG:rasa_core.processor:Bot utterance 'BotUttered(text: What would you like me to do?, data: null)'
DEBUG:rasa_core.processor:Action 'action_offer_help' ended with events '[]'
DEBUG:rasa_core.policies.ensemble:Predicted next action #0 with prob 0.56.
DEBUG:rasa_core.processor:Action 'action_listen' ended with events '[]'
DEBUG:rasa_core.processor:Current topic: None
DEBUG:rasa_core.tracker_store:Recreating tracker for id 'default'
DEBUG:rasa_core.processor:Received user message 'find data regarding british museum' with intent '{'name': 'sourceData', 'confidence': 0.6447442028928659}' and entities '[]'
DEBUG:rasa_core.processor:Logged UserUtterance - tracker now has 8 events
DEBUG:rasa_core.processor:Current slot values: 
	limit: None
	tags: None
DEBUG:rasa_core.policies.ensemble:Predicted next action #9 with prob 0.48.
DEBUG:rasa_core.processor:Bot utterance 'BotUttered(text: Wonderful! What kind of data are you looking for?, data: null)'
DEBUG:rasa_core.processor:Action 'action_source_data_prompt_tags' ended with events '[]'
DEBUG:rasa_core.policies.ensemble:Predicted next action #10 with prob 0.63.
DEBUG:rasa_core.processor:Action 'action_reset_slots' ended with events '['AllSlotsReset()']'
DEBUG:rasa_core.policies.ensemble:Predicted next action #0 with prob 0.49.
DEBUG:rasa_core.processor:Action 'action_listen' ended with events '[]'
DEBUG:rasa_core.processor:Current topic: None
DEBUG:rasa_core.tracker_store:Recreating tracker for id 'default'
DEBUG:rasa_core.processor:Received user message 'british economy' with intent '{'name': 'sourceDataProvideTags', 'confidence': 0.6196824032954193}' and entities '[]'
DEBUG:rasa_core.processor:Logged UserUtterance - tracker now has 14 events
DEBUG:rasa_core.processor:Current slot values: 
	limit: None
	tags: None
DEBUG:rasa_core.policies.ensemble:Predicted next action #5 with prob 0.41.
DEBUG:rasa_core.processor:Action 'action_source_data' ended with events '[]'
DEBUG:rasa_core.policies.ensemble:Predicted next action #8 with prob 0.54.
DEBUG:rasa_core.processor:Bot utterance 'BotUttered(text: How else can I help you?, data: null)'
DEBUG:rasa_core.processor:Action 'action_reoffer_help' ended with events '[]'
DEBUG:rasa_core.policies.ensemble:Predicted next action #0 with prob 0.50.
DEBUG:rasa_core.processor:Action 'action_listen' ended with events '[]'
DEBUG:rasa_core.processor:Current topic: None
DEBUG:rasa_core.tracker_store:Recreating tracker for id 'default'
DEBUG:rasa_core.processor:Received user message 'nothng else' with intent '{'name': 'deny', 'confidence': 0.46303426169547873}' and entities '[]'
DEBUG:rasa_core.processor:Logged UserUtterance - tracker now has 19 events
DEBUG:rasa_core.processor:Current slot values: 
	limit: None
	tags: None
DEBUG:rasa_core.policies.ensemble:Predicted next action #3 with prob 0.33.
DEBUG:rasa_core.processor:Bot utterance 'BotUttered(text: Thanks for using DataBot. See you soon., data: null)'
DEBUG:rasa_core.processor:Action 'action_goodbye' ended with events '[]'
DEBUG:rasa_core.policies.ensemble:Predicted next action #0 with prob 0.55.
DEBUG:rasa_core.processor:Action 'action_listen' ended with events '[]'
DEBUG:rasa_core.processor:Current topic: None
